<?xml version="1.0" encoding="utf-8"?><testsuites name="pytest tests"><testsuite name="pytest" errors="0" failures="0" skipped="0" tests="8" time="15.403" timestamp="2026-04-26T11:52:07.278623+00:00" hostname="agent-env-d809e8d9-4404-4f5c-8491-a07dc7648c6c"><testcase classname="backend.tests.test_iteration4.TestAuth" name="test_login_sets_session" time="0.512" /><testcase classname="backend.tests.test_iteration4.TestNameSearch" name="test_name_search_anna" time="0.061" /><testcase classname="backend.tests.test_iteration4.TestNameSearch" name="test_name_search_anna_walsh_specific" time="0.063" /><testcase classname="backend.tests.test_iteration4.TestNameSearch" name="test_name_search_short_query" time="0.044" /><testcase classname="backend.tests.test_iteration4.TestNameSearch" name="test_name_search_unauth" time="0.115" /><testcase classname="backend.tests.test_iteration4.TestLaunchesList" name="test_launches_have_code_and_phases" time="0.045" /><testcase classname="backend.tests.test_iteration4.TestLaunchRegistrations" name="test_registrations_for_apr26" time="1.780" /><testcase classname="backend.tests.test_iteration4.TestLaunchSales" name="test_sales_for_apr26" time="12.587" /></testsuite></testsuites>