<?xml version="1.0" encoding="utf-8"?><testsuites name="pytest tests"><testsuite name="pytest" errors="0" failures="0" skipped="0" tests="4" time="13.367" timestamp="2026-04-24T08:31:09.988431+00:00" hostname="agent-env-d809e8d9-4404-4f5c-8491-a07dc7648c6c"><testcase classname="backend.tests.test_iteration3" name="test_cohort_summary_april26" time="11.656" /><testcase classname="backend.tests.test_iteration3" name="test_drive_summary_vip_student" time="0.948" /><testcase classname="backend.tests.test_iteration3" name="test_drive_summary_unknown_name" time="0.562" /><testcase classname="backend.tests.test_iteration3" name="test_drive_summary_requires_auth" time="0.144" /></testsuite></testsuites>