<?xml version="1.0" encoding="utf-8"?><testsuites name="pytest tests"><testsuite name="pytest" errors="0" failures="0" skipped="0" tests="15" time="7.070" timestamp="2026-05-04T16:43:18.379824+00:00" hostname="agent-env-d809e8d9-4404-4f5c-8491-a07dc7648c6c"><testcase classname="backend.tests.test_tickets.TestListAndStats" name="test_list_tickets_has_73_tally" time="0.541" /><testcase classname="backend.tests.test_tickets.TestListAndStats" name="test_stats_shape" time="0.069" /><testcase classname="backend.tests.test_tickets.TestCRUD" name="test_create_manual_ticket" time="0.104" /><testcase classname="backend.tests.test_tickets.TestCRUD" name="test_create_urgent_triggers_slack" time="0.606" /><testcase classname="backend.tests.test_tickets.TestCRUD" name="test_escalate_to_urgent_fires_slack_once" time="2.778" /><testcase classname="backend.tests.test_tickets.TestCRUD" name="test_resolve_and_revert" time="0.183" /><testcase classname="backend.tests.test_tickets.TestFilters" name="test_filter_by_status_resolved" time="0.054" /><testcase classname="backend.tests.test_tickets.TestFilters" name="test_filter_by_priority_urgent" time="0.051" /><testcase classname="backend.tests.test_tickets.TestFilters" name="test_search_query" time="0.154" /><testcase classname="backend.tests.test_tickets.TestNotes" name="test_add_note" time="0.119" /><testcase classname="backend.tests.test_tickets.TestTally" name="test_sync_idempotent" time="1.016" /><testcase classname="backend.tests.test_tickets.TestTally" name="test_webhook_rejects_wrong_form_id" time="0.161" /><testcase classname="backend.tests.test_tickets.TestTally" name="test_webhook_creates_and_is_idempotent" time="0.275" /><testcase classname="backend.tests.test_tickets.TestPermissions" name="test_coach_no_tickets_board_403" time="0.490" /><testcase classname="backend.tests.test_tickets" name="test_zz_cleanup" time="0.328" /></testsuite></testsuites>