<?xml version="1.0" encoding="utf-8"?><testsuites name="pytest tests"><testsuite name="pytest" errors="0" failures="0" skipped="0" tests="19" time="5.687" timestamp="2026-04-26T14:34:25.477584+00:00" hostname="agent-env-d809e8d9-4404-4f5c-8491-a07dc7648c6c"><testcase classname="backend.tests.test_at_risk.TestAtRiskAuth" name="test_unauth_returns_401" time="0.131" /><testcase classname="backend.tests.test_at_risk.TestAtRiskSchema" name="test_status_200" time="0.410" /><testcase classname="backend.tests.test_at_risk.TestAtRiskSchema" name="test_top_level_keys" time="0.045" /><testcase classname="backend.tests.test_at_risk.TestAtRiskSchema" name="test_counts_keys" time="0.000" /><testcase classname="backend.tests.test_at_risk.TestAtRiskSchema" name="test_students_have_required_fields" time="0.000" /><testcase classname="backend.tests.test_at_risk.TestAtRiskSchema" name="test_no_mongo_id_leaked" time="0.000" /><testcase classname="backend.tests.test_at_risk.TestAtRiskDomain" name="test_all_lifetime_gbp_above_min" time="0.000" /><testcase classname="backend.tests.test_at_risk.TestAtRiskDomain" name="test_risk_status_enum" time="0.000" /><testcase classname="backend.tests.test_at_risk.TestAtRiskDomain" name="test_sorted_desc_by_lifetime_gbp" time="0.000" /><testcase classname="backend.tests.test_at_risk.TestAtRiskDomain" name="test_dormant_has_days_dormant" time="0.000" /><testcase classname="backend.tests.test_at_risk.TestAtRiskRefresh" name="test_refresh_true_returns_200_quickly" time="0.044" /><testcase classname="backend.tests.test_at_risk.TestExistingEndpointsRegression" name="test_launches_list" time="0.047" /><testcase classname="backend.tests.test_at_risk.TestExistingEndpointsRegression" name="test_launches_active_pace" time="0.047" /><testcase classname="backend.tests.test_at_risk.TestExistingEndpointsRegression" name="test_launches_year_overview" time="0.055" /><testcase classname="backend.tests.test_at_risk.TestExistingEndpointsRegression" name="test_students_lookup" time="1.339" /><testcase classname="backend.tests.test_at_risk.TestExistingEndpointsRegression" name="test_cohorts_labels" time="0.551" /><testcase classname="backend.tests.test_at_risk.TestExistingEndpointsRegression" name="test_interviews_upcoming" time="2.498" /><testcase classname="backend.tests.test_at_risk.TestCORSFunctional" name="test_credentialed_login_from_preview_origin" time="0.384" /><testcase classname="backend.tests.test_at_risk.TestCORSFunctional" name="test_authenticated_request_works" time="0.051" /></testsuite></testsuites>