<?xml version="1.0" encoding="utf-8"?><testsuites name="pytest tests"><testsuite name="pytest" errors="0" failures="1" skipped="0" tests="16" time="23.900" timestamp="2026-04-29T19:24:19.761723+00:00" hostname="agent-env-d809e8d9-4404-4f5c-8491-a07dc7648c6c"><testcase classname="backend.tests.test_iteration7" name="test_auth_me_admin_has_interviews_board" time="2.483" /><testcase classname="backend.tests.test_iteration7" name="test_utilisation_requires_auth" time="0.162" /><testcase classname="backend.tests.test_iteration7" name="test_utilisation_invalid_days_returns_400[5]" time="0.072" /><testcase classname="backend.tests.test_iteration7" name="test_utilisation_invalid_days_returns_400[60]" time="0.074" /><testcase classname="backend.tests.test_iteration7" name="test_utilisation_invalid_days_returns_400[1]" time="0.109" /><testcase classname="backend.tests.test_iteration7" name="test_utilisation_invalid_days_returns_400[0]" time="0.068" /><testcase classname="backend.tests.test_iteration7" name="test_utilisation_invalid_days_returns_400[-1]" time="0.081" /><testcase classname="backend.tests.test_iteration7" name="test_utilisation_invalid_days_returns_400[100]" time="0.074" /><testcase classname="backend.tests.test_iteration7" name="test_utilisation_valid_days_returns_200[7]" time="0.076" /><testcase classname="backend.tests.test_iteration7" name="test_utilisation_valid_days_returns_200[14]" time="0.086" /><testcase classname="backend.tests.test_iteration7" name="test_utilisation_valid_days_returns_200[30]" time="0.081" /><testcase classname="backend.tests.test_iteration7" name="test_utilisation_14d_shape" time="0.069"><failure message="AssertionError: on_track row should have empty reasons: {'monday_id': '1961202323', 'monday_url': 'https://tessadavis06s-team.monday.com/boards/1956295952/pulses/1961202323', 'name': 'Hema Barot', 'email': 'dockhems@yahoo.co.in', 'tier': 'Private Plus', 'tier_raw': 'Gold', 'interview_date': '2026-04-30', 'days_until': 1, 'videos_submitted': 1, 'speciality': '', 'hospital': '', 'calls_used': 1, 'calls_allowance': 1, 'calls_pct': 100, 'videos_allowance': 15, 'videos_pct': 7, 'videos_min': 7, 'calls_min': 1, 'logic': 'or', 'reasons': ['1 / 15 videos used (need 7)']}&#10;assert ['1 / 15 vide...sed (need 7)'] == []&#10;  &#10;  Left contains one more item: '1 / 15 videos used (need 7)'&#10;  &#10;  Full diff:&#10;  - []&#10;  + [&#10;  +     '1 / 15 videos used (need 7)',&#10;  + ]">E   AssertionError: on_track row should have empty reasons: {'monday_id': '1961202323', 'monday_url': 'https://tessadavis06s-team.monday.com/boards/1956295952/pulses/1961202323', 'name': 'Hema Barot', 'email': 'dockhems@yahoo.co.in', 'tier': 'Private Plus', 'tier_raw': 'Gold', 'interview_date': '2026-04-30', 'days_until': 1, 'videos_submitted': 1, 'speciality': '', 'hospital': '', 'calls_used': 1, 'calls_allowance': 1, 'calls_pct': 100, 'videos_allowance': 15, 'videos_pct': 7, 'videos_min': 7, 'calls_min': 1, 'logic': 'or', 'reasons': ['1 / 15 videos used (need 7)']}
    assert ['1 / 15 vide...sed (need 7)'] == []
      
      Left contains one more item: '1 / 15 videos used (need 7)'
      
      Full diff:
      - []
      + [
      +     '1 / 15 videos used (need 7)',
      + ]</failure></testcase><testcase classname="backend.tests.test_iteration7" name="test_utilisation_caching_is_fast_second_call" time="14.759" /><testcase classname="backend.tests.test_iteration7" name="test_deepika_lookup_without_name_not_found_on_monday" time="1.543" /><testcase classname="backend.tests.test_iteration7" name="test_deepika_lookup_with_name_falls_back_to_monday" time="2.395" /><testcase classname="backend.tests.test_iteration7" name="test_normal_student_lookup_still_works" time="1.703" /></testsuite></testsuites>