<?xml version="1.0" encoding="utf-8"?><testsuites name="pytest tests"><testsuite name="pytest" errors="0" failures="0" skipped="0" tests="12" time="6.203" timestamp="2026-04-27T14:34:15.051928+00:00" hostname="agent-env-d809e8d9-4404-4f5c-8491-a07dc7648c6c"><testcase classname="backend.tests.test_iteration6.TestChangePassword" name="test_requires_auth" time="0.159" /><testcase classname="backend.tests.test_iteration6.TestChangePassword" name="test_full_flow_for_becky" time="3.119" /><testcase classname="backend.tests.test_iteration6.TestUpcomingInterviews" name="test_past_coaches_and_sla" time="0.107" /><testcase classname="backend.tests.test_iteration6.TestPermissions" name="test_coach_403" time="0.423" /><testcase classname="backend.tests.test_iteration6.TestPermissions" name="test_full_team_users_login_and_boards[arub@medicalinterviewprep.com]" time="0.385" /><testcase classname="backend.tests.test_iteration6.TestPermissions" name="test_full_team_users_login_and_boards[oksana@medicalinterviewprep.com]" time="0.410" /><testcase classname="backend.tests.test_iteration6.TestPermissions" name="test_no_launches_team_users[coralie@medicalinterviewprep.com]" time="0.396" /><testcase classname="backend.tests.test_iteration6.TestPermissions" name="test_no_launches_team_users[becky@medicalinterviewprep.com]" time="0.414" /><testcase classname="backend.tests.test_iteration6.TestPermissions" name="test_no_launches_team_users[anoop.chidam@gmail.com]" time="0.412" /><testcase classname="backend.tests.test_iteration6.TestLaunchRegression" name="test_launches_still_list" time="0.054" /><testcase classname="backend.tests.test_iteration6.TestLaunchRegression" name="test_launch_data_still_returns" time="0.157" /><testcase classname="backend.tests.test_iteration6.TestLaunchRegression" name="test_active_pace_and_year_overview" time="0.104" /></testsuite></testsuites>