<?xml version="1.0" encoding="utf-8"?><testsuites name="pytest tests"><testsuite name="pytest" errors="0" failures="0" skipped="0" tests="18" time="4.014" timestamp="2026-04-19T19:19:43.503363+00:00" hostname="agent-env-d809e8d9-4404-4f5c-8491-a07dc7648c6c"><testcase classname="backend.tests.backend_test.TestAuth" name="test_login_success_sets_cookies" time="0.421" /><testcase classname="backend.tests.backend_test.TestAuth" name="test_login_wrong_password" time="0.359" /><testcase classname="backend.tests.backend_test.TestAuth" name="test_me_with_cookie" time="0.447" /><testcase classname="backend.tests.backend_test.TestAuth" name="test_me_without_cookie" time="0.113" /><testcase classname="backend.tests.backend_test.TestAuth" name="test_logout_clears_cookie" time="0.434" /><testcase classname="backend.tests.backend_test.TestSeed" name="test_team_seeded_7" time="0.046" /><testcase classname="backend.tests.backend_test.TestSeed" name="test_metrics_seeded_19" time="0.053" /><testcase classname="backend.tests.backend_test.TestSeed" name="test_rocks_q2_2026_seeded_17" time="0.047" /><testcase classname="backend.tests.backend_test.TestSeed" name="test_launches_seeded_3" time="0.048" /><testcase classname="backend.tests.backend_test.TestSeed" name="test_launch_data_and_daily_regs" time="0.191" /><testcase classname="backend.tests.backend_test.TestSeed" name="test_weekly_values_seeded" time="0.048" /><testcase classname="backend.tests.backend_test.TestMutations" name="test_upsert_weekly_value_user" time="0.747" /><testcase classname="backend.tests.backend_test.TestMutations" name="test_patch_rock_as_user_allowed" time="0.141" /><testcase classname="backend.tests.backend_test.TestMutations" name="test_patch_launch_data" time="0.161" /><testcase classname="backend.tests.backend_test.TestMutations" name="test_create_metric_admin_ok_user_forbidden" time="0.184" /><testcase classname="backend.tests.backend_test.TestMutations" name="test_create_team_member_rbac" time="0.143" /><testcase classname="backend.tests.backend_test.TestMutations" name="test_create_rock_rbac" time="0.172" /><testcase classname="backend.tests.backend_test.TestSecurity" name="test_cors_credentials_config" time="0.075" /></testsuite></testsuites>