<?xml version="1.0" encoding="utf-8"?><testsuites name="pytest tests"><testsuite name="pytest" errors="0" failures="0" skipped="0" tests="7" time="34.680" timestamp="2026-04-23T19:13:04.714508+00:00" hostname="agent-env-d809e8d9-4404-4f5c-8491-a07dc7648c6c"><testcase classname="backend.tests.test_student_lookup.TestStudentLookup" name="test_lookup_missing_email_returns_400" time="0.514" /><testcase classname="backend.tests.test_student_lookup.TestStudentLookup" name="test_lookup_invalid_email_returns_400" time="0.061" /><testcase classname="backend.tests.test_student_lookup.TestStudentLookup" name="test_lookup_unauth_returns_401" time="0.108" /><testcase classname="backend.tests.test_student_lookup.TestStudentLookup" name="test_lookup_fake_email_all_not_found_fast" time="1.406" /><testcase classname="backend.tests.test_student_lookup.TestStudentLookup" name="test_lookup_real_email_found_on_all_platforms" time="1.314" /><testcase classname="backend.tests.test_student_lookup.TestCircleCache" name="test_refresh_circle_cache" time="31.134" /><testcase classname="backend.tests.test_student_lookup.TestWeeklyValues" name="test_weekly_values_endpoint" time="0.056" /></testsuite></testsuites>